Args:
	dimension = 128
	dataset size = 1000000
	queries size = 100
	dataset filepath = /mnt/hdd-2T-3/ikraduya/SALD/sald_data.bin
	queries filepath = /mnt/hdd-2T-3/ikraduya/SALD/sald_queries.bin
	results filepath = answer_pro/SALD1M_PQ32x8_cluster128
	log filepath = 
	index-string: PQ32x8np
	pro-cluster: 128
	visit: 0.5,0.25,0.1,0.05
	K: 100
creating initial cluster
power_cluster: 7
ori database: 
-0.933719, 1.97041, -0.48693, 2.1938, 2.86399, 0.406648, -0.0401412, 2.4172, 5.32133, 1.97041, 0.630042, 3.08738, 0.853437, 1.74701, 3.98096, 0.406648, -0.263536, 1.07683, 0.183253, -0.263536, -0.0401412, -0.0401412, -1.15711, 0.630042, 0.630042, -0.263536, -0.933719, -0.0401412, 
1.97183, -0.491644, 2.19578, 2.86763, 0.404163, -0.0437406, 2.41973, 5.3311, 1.97183, 0.628115, 3.09159, 0.852067, 1.74787, 3.98739, 0.404163, -0.267692, 1.07602, 0.180211, -0.267692, -0.0437406, -0.0437406, -1.1635, 0.628115, 0.628115, -0.267692, -0.939548, -0.0437406, -0.491644, 
-0.479366, 2.24769, 2.92946, 0.429654, -0.024856, 2.47495, 5.42926, 2.02044, 0.656909, 3.15671, 0.884164, 1.79318, 4.06573, 0.429654, -0.252111, 1.11142, 0.202399, -0.252111, -0.024856, -0.024856, -1.16113, 0.656909, 0.656909, -0.252111, -0.933876, -0.024856, -0.479366, 0.656909, 
PCA Time: 1.3813 s
pca.eigenvalues
3.26495e+06, 1.94778e+06, 1.2807e+06, 854176, 656857, 530381, 461737, 386097, 333010, 297225, 262553, 231057, 214043, 198476, 188023, 178024, 172243, 161638, 152116, 143364, 136025, 128523, 124382, 117991, 113770, 109035, 105058, 99751, 95928.7, 93680.2, 89852.5, 85708.6, 83238.3, 80529.5, 77437.9, 74561.6, 72307.8, 70060.7, 66707.8, 64552.3, 62596.6, 60290.4, 58427.6, 56465.2, 54409.9, 52752.7, 50585.7, 48905, 47213.4, 46202.6, 44687.3, 42602.4, 41989.2, 40208.6, 38696.2, 37353.9, 35986.9, 34746, 33887.4, 32370.8, 31249.9, 30149.5, 28973.4, 28191.8, 27297.5, 26521.7, 25782.6, 25521.2, 25154.9, 24529.7, 24402.4, 24199.3, 23579.7, 23445, 23313.5, 23146, 22924.5, 22672.9, 22535.9, 22180.6, 22077.1, 21921.9, 21868.9, 21804.7, 21774, 21628.4, 21493.1, 21385.5, 21264.1, 21162.7, 20971.9, 20891.6, 20838.5, 20825.1, 20657.2, 20518.3, 20416.7, 20403.2, 20135.2, 20027.1, 19937.7, 19816.6, 19751.4, 19630.3, 19492.8, 19447.3, 19268.5, 19238.8, 18996.8, 18821.2, 18699, 18480.5, 18098.1, 17804.2, 17241.9, 16996.1, 16560.7, 16286, 15897.9, 15578.8, 15291.6, 14550.8, 14365, 13924.1, 13477.1, 12948.3, 12785.3, -2.32524, 
pca database: 
-5.49766, -3.95263, -1.49049, -2.20118, 0.816213, -0.942891, -0.225063, 1.52836, -1.43195, 2.41257, 1.58778, 0.464853, 0.855807, 0.511464, 0.315711, -0.945803, 0.119595, -0.375469, 0.798945, -0.182363, -0.0107783, 0.00771475, 0.752275, -0.065042, -0.739096, 0.133761, -0.437114, 0.790777, 
-5.61714, -4.17656, -1.89337, -2.69919, 0.279699, -1.281, 0.485668, 0.914158, -0.817501, 1.98094, 1.60781, 0.325289, 0.778421, 0.505238, 0.608741, -0.861368, -0.11808, -0.659875, 0.40183, -0.0737247, -0.338545, -0.249656, 0.338622, 0.305735, -0.938315, -0.0432012, -1.31709, -0.593709, 
-5.40092, -4.08838, -1.91832, -2.8223, 0.0949504, -1.34112, 0.866809, 0.617821, -0.534968, 1.7951, 1.91492, 0.485801, 0.932512, 0.745857, 1.08802, -0.360258, -0.103626, -0.405358, 0.356055, 0.493351, -0.280152, -0.00922593, 0.194151, 0.989931, -0.392221, 0.248201, -0.850196, -1.21485, 
pro_cluster_num: 128
proCluster: 128
pca done
start_cluster: 2
subs_len: 4
highest_segm: 7
highest_dim: 28
Pro Training Time: 10.4400 s
training index, clusters: 0, 1, 2, 3, 4, 5, 6, 7, 8, 9, 10, 11, 12, 13, 14, 15, 16, 17, 18, 19, 20, 21, 22, 23, 24, 25, 26, 27, 28, 29, 30, 31, 32, 33, 34, 35, 36, 37, 38, 39, 40, 41, 42, 43, 44, 45, 46, 47, 48, 49, 50, 51, 52, 53, 54, 55, 56, 57, 58, 59, 60, 61, 62, 63, 64, 65, 66, 67, 68, 69, 70, 71, 72, 73, 74, 75, 76, 77, 78, 79, 80, 81, 82, 83, 84, 85, 86, 87, 88, 89, 90, 91, 92, 93, 94, 95, 96, 97, 98, 99, 100, 101, 102, 103, 104, 105, 106, 107, 108, 109, 110, 111, 112, 113, 114, 115, 116, 117, 